/var/spool/slurm/slurmd/state/job54776505/slurm_script: line 3: SBATCH: command not found
/var/spool/slurm/slurmd/state/job54776505/slurm_script: line 4: SBATCH: command not found
/var/spool/slurm/slurmd/state/job54776505/slurm_script: line 5: SBATCH: command not found
/var/spool/slurm/slurmd/state/job54776505/slurm_script: line 7: SBATCH: command not found
/var/spool/slurm/slurmd/state/job54776505/slurm_script: line 8: SBATCH: command not found
/var/spool/slurm/slurmd/state/job54776505/slurm_script: line 9: SBATCH: command not found

The following have been reloaded with a version change:
  1) gdal/3.1.2 => gdal/3.4.3

Matplotlib is building the font cache; this may take a moment.
pop_map_root /cluster/scratch/neckert/data/PopMapData/processed
rawEE_map_root /cluster/scratch/neckert/data/PopMapData/raw/EE
pop_gbuildings_path /cluster/scratch/neckert/data/PopMapData/raw/GoogleBuildings
Traceback (most recent call last):
  File "run_train.py", line 43, in <module>
    nvidia_smi.nvmlInit()
  File "/cluster/work/igp_psr/neckert/code/PopMap2_bsc-thesis_eckert/PopMapEnv/lib64/python3.8/site-packages/pynvml.py", line 615, in nvmlInit
    _nvmlCheckReturn(ret)
  File "/cluster/work/igp_psr/neckert/code/PopMap2_bsc-thesis_eckert/PopMapEnv/lib64/python3.8/site-packages/pynvml.py", line 310, in _nvmlCheckReturn
    raise NVMLError(ret)
pynvml.NVMLError_DriverNotLoaded: Driver Not Loaded
